<?xml version="1.0" encoding="UTF-8"?>
<testng-results ignored="0" total="1" passed="1" failed="0" skipped="0">
  <reporter-output>
  </reporter-output>
  <suite started-at="2022-06-23T20:31:35 IST" name="Default suite" finished-at="2022-06-23T20:31:54 IST" duration-ms="18906">
    <groups>
    </groups>
    <test started-at="2022-06-23T20:31:35 IST" name="Default test" finished-at="2022-06-23T20:31:54 IST" duration-ms="18906">
      <class name="Test.PinPageTest">
        <test-method is-config="true" signature="extentReports()[pri:0, instance:Test.PinPageTest@72d1ad2e]" started-at="2022-06-23T20:31:35 IST" name="extentReports" finished-at="2022-06-23T20:31:36 IST" duration-ms="525" status="PASS">
          <reporter-output>
          </reporter-output>
        </test-method> <!-- extentReports -->
        <test-method is-config="true" signature="launchBrowser()[pri:0, instance:Test.PinPageTest@72d1ad2e]" started-at="2022-06-23T20:31:36 IST" name="launchBrowser" finished-at="2022-06-23T20:31:52 IST" duration-ms="16381" status="PASS">
          <reporter-output>
          </reporter-output>
        </test-method> <!-- launchBrowser -->
        <test-method signature="loginZerodhaPinPage()[pri:0, instance:Test.PinPageTest@72d1ad2e]" started-at="2022-06-23T20:31:52 IST" name="loginZerodhaPinPage" finished-at="2022-06-23T20:31:54 IST" duration-ms="1924" status="PASS">
          <reporter-output>
          </reporter-output>
        </test-method> <!-- loginZerodhaPinPage -->
      </class> <!-- Test.PinPageTest -->
    </test> <!-- Default test -->
  </suite> <!-- Default suite -->
</testng-results>
